# JRE version: Java(TM) SE Runtime Environment (8.0_171-b11) (build 1.8.0_171-b11)
# Java VM: Java HotSpot(TM) 64-Bit Server VM (25.171-b11 mixed mode windows-amd64 compressed oops)
Heap:
 PSYoungGen      total 53248K, used 22883K [0x00000000e0980000, 0x00000000e4180000, 0x0000000100000000)
  eden space 49152K, 46% used [0x00000000e0980000,0x00000000e1fd8ea8,0x00000000e3980000)
  from space 4096K, 0% used [0x00000000e3980000,0x00000000e3980000,0x00000000e3d80000)
  to   space 4096K, 0% used [0x00000000e3d80000,0x00000000e3d80000,0x00000000e4180000)
 ParOldGen       total 39936K, used 7115K [0x00000000a1c00000, 0x00000000a4300000, 0x00000000e0980000)
  object space 39936K, 17% used [0x00000000a1c00000,0x00000000a22f2f48,0x00000000a4300000)
 Metaspace       used 24342K, capacity 25086K, committed 25344K, reserved 1073152K
  class space    used 3349K, capacity 3543K, committed 3584K, reserved 1048576K
GC Heap History (10 events):
Event: 0.385 GC heap before
{Heap before GC invocations=4 (full 0):
 PSYoungGen      total 28672K, used 27668K [0x00000000e0980000, 0x00000000e4180000, 0x0000000100000000)
  eden space 24576K, 99% used [0x00000000e0980000,0x00000000e2178478,0x00000000e2180000)
  from space 4096K, 76% used [0x00000000e2180000,0x00000000e248cc88,0x00000000e2580000)
  to   space 4096K, 0% used [0x00000000e3d80000,0x00000000e3d80000,0x00000000e4180000)
 ParOldGen       total 65536K, used 24K [0x00000000a1c00000, 0x00000000a5c00000, 0x00000000e0980000)
  object space 65536K, 0% used [0x00000000a1c00000,0x00000000a1c06000,0x00000000a5c00000)
 Metaspace       used 5277K, capacity 5350K, committed 5504K, reserved 1056768K
  class space    used 580K, capacity 593K, committed 640K, reserved 1048576K
Event: 0.387 GC heap after
Heap after GC invocations=4 (full 0):
 PSYoungGen      total 53248K, used 3139K [0x00000000e0980000, 0x00000000e4180000, 0x0000000100000000)
  eden space 49152K, 0% used [0x00000000e0980000,0x00000000e0980000,0x00000000e3980000)
  from space 4096K, 76% used [0x00000000e3d80000,0x00000000e4090cf8,0x00000000e4180000)
  to   space 4096K, 0% used [0x00000000e3980000,0x00000000e3980000,0x00000000e3d80000)
 ParOldGen       total 65536K, used 32K [0x00000000a1c00000, 0x00000000a5c00000, 0x00000000e0980000)
  object space 65536K, 0% used [0x00000000a1c00000,0x00000000a1c08000,0x00000000a5c00000)
 Metaspace       used 5277K, capacity 5350K, committed 5504K, reserved 1056768K
  class space    used 580K, capacity 593K, committed 640K, reserved 1048576K
}
Event: 1.209 GC heap before
{Heap before GC invocations=5 (full 0):
 PSYoungGen      total 53248K, used 52291K [0x00000000e0980000, 0x00000000e4180000, 0x0000000100000000)
  eden space 49152K, 100% used [0x00000000e0980000,0x00000000e3980000,0x00000000e3980000)
  from space 4096K, 76% used [0x00000000e3d80000,0x00000000e4090cf8,0x00000000e4180000)
  to   space 4096K, 0% used [0x00000000e3980000,0x00000000e3980000,0x00000000e3d80000)
 ParOldGen       total 65536K, used 32K [0x00000000a1c00000, 0x00000000a5c00000, 0x00000000e0980000)
  object space 65536K, 0% used [0x00000000a1c00000,0x00000000a1c08000,0x00000000a5c00000)
 Metaspace       used 12537K, capacity 12676K, committed 12928K, reserved 1060864K
  class space    used 1542K, capacity 1604K, committed 1664K, reserved 1048576K
Event: 1.216 GC heap after
Heap after GC invocations=5 (full 0):
 PSYoungGen      total 53248K, used 4085K [0x00000000e0980000, 0x00000000e4180000, 0x0000000100000000)
  eden space 49152K, 0% used [0x00000000e0980000,0x00000000e0980000,0x00000000e3980000)
  from space 4096K, 99% used [0x00000000e3980000,0x00000000e3d7d630,0x00000000e3d80000)
  to   space 4096K, 0% used [0x00000000e3d80000,0x00000000e3d80000,0x00000000e4180000)
 ParOldGen       total 65536K, used 4816K [0x00000000a1c00000, 0x00000000a5c00000, 0x00000000e0980000)
  object space 65536K, 7% used [0x00000000a1c00000,0x00000000a20b4368,0x00000000a5c00000)
 Metaspace       used 12537K, capacity 12676K, committed 12928K, reserved 1060864K
  class space    used 1542K, capacity 1604K, committed 1664K, reserved 1048576K
}
Event: 1.753 GC heap before
{Heap before GC invocations=6 (full 0):
 PSYoungGen      total 53248K, used 53237K [0x00000000e0980000, 0x00000000e4180000, 0x0000000100000000)
  eden space 49152K, 100% used [0x00000000e0980000,0x00000000e3980000,0x00000000e3980000)
  from space 4096K, 99% used [0x00000000e3980000,0x00000000e3d7d630,0x00000000e3d80000)
  to   space 4096K, 0% used [0x00000000e3d80000,0x00000000e3d80000,0x00000000e4180000)
 ParOldGen       total 65536K, used 4816K [0x00000000a1c00000, 0x00000000a5c00000, 0x00000000e0980000)
  object space 65536K, 7% used [0x00000000a1c00000,0x00000000a20b4368,0x00000000a5c00000)
 Metaspace       used 18189K, capacity 18590K, committed 18816K, reserved 1064960K
  class space    used 2247K, capacity 2367K, committed 2432K, reserved 1048576K
Event: 1.759 GC heap after
Heap after GC invocations=6 (full 0):
 PSYoungGen      total 53248K, used 4085K [0x00000000e0980000, 0x00000000e4180000, 0x0000000100000000)
  eden space 49152K, 0% used [0x00000000e0980000,0x00000000e0980000,0x00000000e3980000)
  from space 4096K, 99% used [0x00000000e3d80000,0x00000000e417d400,0x00000000e4180000)
  to   space 4096K, 0% used [0x00000000e3980000,0x00000000e3980000,0x00000000e3d80000)
 ParOldGen       total 65536K, used 8193K [0x00000000a1c00000, 0x00000000a5c00000, 0x00000000e0980000)
  object space 65536K, 12% used [0x00000000a1c00000,0x00000000a24004e0,0x00000000a5c00000)
 Metaspace       used 18189K, capacity 18590K, committed 18816K, reserved 1064960K
  class space    used 2247K, capacity 2367K, committed 2432K, reserved 1048576K
}
Event: 1.881 GC heap before
{Heap before GC invocations=7 (full 0):
 PSYoungGen      total 53248K, used 13754K [0x00000000e0980000, 0x00000000e4180000, 0x0000000100000000)
  eden space 49152K, 19% used [0x00000000e0980000,0x00000000e12f1508,0x00000000e3980000)
  from space 4096K, 99% used [0x00000000e3d80000,0x00000000e417d400,0x00000000e4180000)
  to   space 4096K, 0% used [0x00000000e3980000,0x00000000e3980000,0x00000000e3d80000)
 ParOldGen       total 65536K, used 8193K [0x00000000a1c00000, 0x00000000a5c00000, 0x00000000e0980000)
  object space 65536K, 12% used [0x00000000a1c00000,0x00000000a24004e0,0x00000000a5c00000)
 Metaspace       used 20652K, capacity 21038K, committed 21296K, reserved 1071104K
  class space    used 2743K, capacity 2871K, committed 2944K, reserved 1048576K
Event: 1.885 GC heap after
Heap after GC invocations=7 (full 0):
 PSYoungGen      total 53248K, used 3335K [0x00000000e0980000, 0x00000000e4180000, 0x0000000100000000)
  eden space 49152K, 0% used [0x00000000e0980000,0x00000000e0980000,0x00000000e3980000)
  from space 4096K, 81% used [0x00000000e3980000,0x00000000e3cc1dd8,0x00000000e3d80000)
  to   space 4096K, 0% used [0x00000000e3d80000,0x00000000e3d80000,0x00000000e4180000)
 ParOldGen       total 65536K, used 10120K [0x00000000a1c00000, 0x00000000a5c00000, 0x00000000e0980000)
  object space 65536K, 15% used [0x00000000a1c00000,0x00000000a25e2118,0x00000000a5c00000)
 Metaspace       used 20652K, capacity 21038K, committed 21296K, reserved 1071104K
  class space    used 2743K, capacity 2871K, committed 2944K, reserved 1048576K
}
Event: 1.885 GC heap before
{Heap before GC invocations=8 (full 1):
 PSYoungGen      total 53248K, used 3335K [0x00000000e0980000, 0x00000000e4180000, 0x0000000100000000)
  eden space 49152K, 0% used [0x00000000e0980000,0x00000000e0980000,0x00000000e3980000)
  from space 4096K, 81% used [0x00000000e3980000,0x00000000e3cc1dd8,0x00000000e3d80000)
  to   space 4096K, 0% used [0x00000000e3d80000,0x00000000e3d80000,0x00000000e4180000)
 ParOldGen       total 65536K, used 10120K [0x00000000a1c00000, 0x00000000a5c00000, 0x00000000e0980000)
  object space 65536K, 15% used [0x00000000a1c00000,0x00000000a25e2118,0x00000000a5c00000)
 Metaspace       used 20652K, capacity 21038K, committed 21296K, reserved 1071104K
  class space    used 2743K, capacity 2871K, committed 2944K, reserved 1048576K
Event: 1.909 GC heap after
Heap after GC invocations=8 (full 1):
 PSYoungGen      total 53248K, used 0K [0x00000000e0980000, 0x00000000e4180000, 0x0000000100000000)
  eden space 49152K, 0% used [0x00000000e0980000,0x00000000e0980000,0x00000000e3980000)
  from space 4096K, 0% used [0x00000000e3980000,0x00000000e3980000,0x00000000e3d80000)
  to   space 4096K, 0% used [0x00000000e3d80000,0x00000000e3d80000,0x00000000e4180000)
 ParOldGen       total 39936K, used 7115K [0x00000000a1c00000, 0x00000000a4300000, 0x00000000e0980000)
  object space 39936K, 17% used [0x00000000a1c00000,0x00000000a22f2f48,0x00000000a4300000)
 Metaspace       used 20652K, capacity 21038K, committed 21296K, reserved 1071104K
  class space    used 2743K, capacity 2871K, committed 2944K, reserved 1048576K
}

