# JRE version: Java(TM) SE Runtime Environment (8.0_171-b11) (build 1.8.0_171-b11)
# Java VM: Java HotSpot(TM) 64-Bit Server VM (25.171-b11 mixed mode windows-amd64 compressed oops)
Heap:
 PSYoungGen      total 53248K, used 16858K [0x00000000e0980000, 0x00000000e7980000, 0x0000000100000000)
  eden space 49152K, 34% used [0x00000000e0980000,0x00000000e19f6a98,0x00000000e3980000)
  from space 4096K, 0% used [0x00000000e3980000,0x00000000e3980000,0x00000000e3d80000)
  to   space 8192K, 0% used [0x00000000e7180000,0x00000000e7180000,0x00000000e7980000)
 ParOldGen       total 40448K, used 7217K [0x00000000a1c00000, 0x00000000a4380000, 0x00000000e0980000)
  object space 40448K, 17% used [0x00000000a1c00000,0x00000000a230c5b8,0x00000000a4380000)
 Metaspace       used 24158K, capacity 24852K, committed 25088K, reserved 1071104K
  class space    used 3341K, capacity 3510K, committed 3584K, reserved 1048576K
GC Heap History (10 events):
Event: 1.261 GC heap before
{Heap before GC invocations=4 (full 0):
 PSYoungGen      total 28672K, used 27668K [0x00000000e0980000, 0x00000000e4180000, 0x0000000100000000)
  eden space 24576K, 99% used [0x00000000e0980000,0x00000000e2178488,0x00000000e2180000)
  from space 4096K, 76% used [0x00000000e2180000,0x00000000e248cc88,0x00000000e2580000)
  to   space 4096K, 0% used [0x00000000e3d80000,0x00000000e3d80000,0x00000000e4180000)
 ParOldGen       total 65536K, used 32K [0x00000000a1c00000, 0x00000000a5c00000, 0x00000000e0980000)
  object space 65536K, 0% used [0x00000000a1c00000,0x00000000a1c08000,0x00000000a5c00000)
 Metaspace       used 5270K, capacity 5350K, committed 5504K, reserved 1056768K
  class space    used 580K, capacity 593K, committed 640K, reserved 1048576K
Event: 1.265 GC heap after
Heap after GC invocations=4 (full 0):
 PSYoungGen      total 53248K, used 3125K [0x00000000e0980000, 0x00000000e4180000, 0x0000000100000000)
  eden space 49152K, 0% used [0x00000000e0980000,0x00000000e0980000,0x00000000e3980000)
  from space 4096K, 76% used [0x00000000e3d80000,0x00000000e408d7a0,0x00000000e4180000)
  to   space 4096K, 0% used [0x00000000e3980000,0x00000000e3980000,0x00000000e3d80000)
 ParOldGen       total 65536K, used 32K [0x00000000a1c00000, 0x00000000a5c00000, 0x00000000e0980000)
  object space 65536K, 0% used [0x00000000a1c00000,0x00000000a1c08000,0x00000000a5c00000)
 Metaspace       used 5270K, capacity 5350K, committed 5504K, reserved 1056768K
  class space    used 580K, capacity 593K, committed 640K, reserved 1048576K
}
Event: 3.684 GC heap before
{Heap before GC invocations=5 (full 0):
 PSYoungGen      total 53248K, used 52277K [0x00000000e0980000, 0x00000000e4180000, 0x0000000100000000)
  eden space 49152K, 100% used [0x00000000e0980000,0x00000000e3980000,0x00000000e3980000)
  from space 4096K, 76% used [0x00000000e3d80000,0x00000000e408d7a0,0x00000000e4180000)
  to   space 4096K, 0% used [0x00000000e3980000,0x00000000e3980000,0x00000000e3d80000)
 ParOldGen       total 65536K, used 32K [0x00000000a1c00000, 0x00000000a5c00000, 0x00000000e0980000)
  object space 65536K, 0% used [0x00000000a1c00000,0x00000000a1c08000,0x00000000a5c00000)
 Metaspace       used 12535K, capacity 12676K, committed 12928K, reserved 1060864K
  class space    used 1547K, capacity 1604K, committed 1664K, reserved 1048576K
Event: 3.704 GC heap after
Heap after GC invocations=5 (full 0):
 PSYoungGen      total 53248K, used 4085K [0x00000000e0980000, 0x00000000e7980000, 0x0000000100000000)
  eden space 49152K, 0% used [0x00000000e0980000,0x00000000e0980000,0x00000000e3980000)
  from space 4096K, 99% used [0x00000000e3980000,0x00000000e3d7d630,0x00000000e3d80000)
  to   space 8192K, 0% used [0x00000000e7180000,0x00000000e7180000,0x00000000e7980000)
 ParOldGen       total 65536K, used 4821K [0x00000000a1c00000, 0x00000000a5c00000, 0x00000000e0980000)
  object space 65536K, 7% used [0x00000000a1c00000,0x00000000a20b55c0,0x00000000a5c00000)
 Metaspace       used 12535K, capacity 12676K, committed 12928K, reserved 1060864K
  class space    used 1547K, capacity 1604K, committed 1664K, reserved 1048576K
}
Event: 5.317 GC heap before
{Heap before GC invocations=6 (full 0):
 PSYoungGen      total 53248K, used 53237K [0x00000000e0980000, 0x00000000e7980000, 0x0000000100000000)
  eden space 49152K, 100% used [0x00000000e0980000,0x00000000e3980000,0x00000000e3980000)
  from space 4096K, 99% used [0x00000000e3980000,0x00000000e3d7d630,0x00000000e3d80000)
  to   space 8192K, 0% used [0x00000000e7180000,0x00000000e7180000,0x00000000e7980000)
 ParOldGen       total 65536K, used 4821K [0x00000000a1c00000, 0x00000000a5c00000, 0x00000000e0980000)
  object space 65536K, 7% used [0x00000000a1c00000,0x00000000a20b55c0,0x00000000a5c00000)
 Metaspace       used 18105K, capacity 18520K, committed 18816K, reserved 1064960K
  class space    used 2239K, capacity 2366K, committed 2432K, reserved 1048576K
Event: 5.337 GC heap after
Heap after GC invocations=6 (full 0):
 PSYoungGen      total 57344K, used 7587K [0x00000000e0980000, 0x00000000e7980000, 0x0000000100000000)
  eden space 49152K, 0% used [0x00000000e0980000,0x00000000e0980000,0x00000000e3980000)
  from space 8192K, 92% used [0x00000000e7180000,0x00000000e78e8e68,0x00000000e7980000)
  to   space 4096K, 0% used [0x00000000e3980000,0x00000000e3980000,0x00000000e3d80000)
 ParOldGen       total 65536K, used 4829K [0x00000000a1c00000, 0x00000000a5c00000, 0x00000000e0980000)
  object space 65536K, 7% used [0x00000000a1c00000,0x00000000a20b75c0,0x00000000a5c00000)
 Metaspace       used 18105K, capacity 18520K, committed 18816K, reserved 1064960K
  class space    used 2239K, capacity 2366K, committed 2432K, reserved 1048576K
}
Event: 5.821 GC heap before
{Heap before GC invocations=7 (full 0):
 PSYoungGen      total 57344K, used 16980K [0x00000000e0980000, 0x00000000e7980000, 0x0000000100000000)
  eden space 49152K, 19% used [0x00000000e0980000,0x00000000e12ac2d0,0x00000000e3980000)
  from space 8192K, 92% used [0x00000000e7180000,0x00000000e78e8e68,0x00000000e7980000)
  to   space 4096K, 0% used [0x00000000e3980000,0x00000000e3980000,0x00000000e3d80000)
 ParOldGen       total 65536K, used 4829K [0x00000000a1c00000, 0x00000000a5c00000, 0x00000000e0980000)
  object space 65536K, 7% used [0x00000000a1c00000,0x00000000a20b75c0,0x00000000a5c00000)
 Metaspace       used 20769K, capacity 21166K, committed 21296K, reserved 1067008K
  class space    used 2751K, capacity 2871K, committed 2944K, reserved 1048576K
Event: 5.835 GC heap after
Heap after GC invocations=7 (full 0):
 PSYoungGen      total 53248K, used 4088K [0x00000000e0980000, 0x00000000e7980000, 0x0000000100000000)
  eden space 49152K, 0% used [0x00000000e0980000,0x00000000e0980000,0x00000000e3980000)
  from space 4096K, 99% used [0x00000000e3980000,0x00000000e3d7e3a8,0x00000000e3d80000)
  to   space 8192K, 0% used [0x00000000e7180000,0x00000000e7180000,0x00000000e7980000)
 ParOldGen       total 65536K, used 7349K [0x00000000a1c00000, 0x00000000a5c00000, 0x00000000e0980000)
  object space 65536K, 11% used [0x00000000a1c00000,0x00000000a232d6c0,0x00000000a5c00000)
 Metaspace       used 20769K, capacity 21166K, committed 21296K, reserved 1067008K
  class space    used 2751K, capacity 2871K, committed 2944K, reserved 1048576K
}
Event: 5.836 GC heap before
{Heap before GC invocations=8 (full 1):
 PSYoungGen      total 53248K, used 4088K [0x00000000e0980000, 0x00000000e7980000, 0x0000000100000000)
  eden space 49152K, 0% used [0x00000000e0980000,0x00000000e0980000,0x00000000e3980000)
  from space 4096K, 99% used [0x00000000e3980000,0x00000000e3d7e3a8,0x00000000e3d80000)
  to   space 8192K, 0% used [0x00000000e7180000,0x00000000e7180000,0x00000000e7980000)
 ParOldGen       total 65536K, used 7349K [0x00000000a1c00000, 0x00000000a5c00000, 0x00000000e0980000)
  object space 65536K, 11% used [0x00000000a1c00000,0x00000000a232d6c0,0x00000000a5c00000)
 Metaspace       used 20769K, capacity 21166K, committed 21296K, reserved 1067008K
  class space    used 2751K, capacity 2871K, committed 2944K, reserved 1048576K
Event: 5.921 GC heap after
Heap after GC invocations=8 (full 1):
 PSYoungGen      total 53248K, used 0K [0x00000000e0980000, 0x00000000e7980000, 0x0000000100000000)
  eden space 49152K, 0% used [0x00000000e0980000,0x00000000e0980000,0x00000000e3980000)
  from space 4096K, 0% used [0x00000000e3980000,0x00000000e3980000,0x00000000e3d80000)
  to   space 8192K, 0% used [0x00000000e7180000,0x00000000e7180000,0x00000000e7980000)
 ParOldGen       total 40448K, used 7217K [0x00000000a1c00000, 0x00000000a4380000, 0x00000000e0980000)
  object space 40448K, 17% used [0x00000000a1c00000,0x00000000a230c5b8,0x00000000a4380000)
 Metaspace       used 20769K, capacity 21166K, committed 21296K, reserved 1067008K
  class space    used 2751K, capacity 2871K, committed 2944K, reserved 1048576K
}

