# JRE version: Java(TM) SE Runtime Environment (8.0_171-b11) (build 1.8.0_171-b11)
# Java VM: Java HotSpot(TM) 64-Bit Server VM (25.171-b11 mixed mode windows-amd64 compressed oops)
Heap:
 PSYoungGen      total 57344K, used 17143K [0x00000000e0980000, 0x00000000e7980000, 0x0000000100000000)
  eden space 49152K, 19% used [0x00000000e0980000,0x00000000e12bdf50,0x00000000e3980000)
  from space 8192K, 93% used [0x00000000e7180000,0x00000000e78fff20,0x00000000e7980000)
  to   space 4096K, 0% used [0x00000000e3980000,0x00000000e3980000,0x00000000e3d80000)
 ParOldGen       total 65536K, used 4824K [0x00000000a1c00000, 0x00000000a5c00000, 0x00000000e0980000)
  object space 65536K, 7% used [0x00000000a1c00000,0x00000000a20b6180,0x00000000a5c00000)
 Metaspace       used 20662K, capacity 21102K, committed 21296K, reserved 1069056K
  class space    used 2749K, capacity 2871K, committed 2944K, reserved 1048576K
GC Heap History (10 events):
Event: 0.360 GC heap before
{Heap before GC invocations=2 (full 0):
 PSYoungGen      total 28672K, used 28618K [0x00000000e0980000, 0x00000000e2980000, 0x0000000100000000)
  eden space 24576K, 99% used [0x00000000e0980000,0x00000000e2174348,0x00000000e2180000)
  from space 4096K, 99% used [0x00000000e2180000,0x00000000e257e6b8,0x00000000e2580000)
  to   space 4096K, 0% used [0x00000000e2580000,0x00000000e2580000,0x00000000e2980000)
 ParOldGen       total 65536K, used 16K [0x00000000a1c00000, 0x00000000a5c00000, 0x00000000e0980000)
  object space 65536K, 0% used [0x00000000a1c00000,0x00000000a1c04000,0x00000000a5c00000)
 Metaspace       used 5267K, capacity 5350K, committed 5504K, reserved 1056768K
  class space    used 580K, capacity 593K, committed 640K, reserved 1048576K
Event: 0.362 GC heap after
Heap after GC invocations=2 (full 0):
 PSYoungGen      total 28672K, used 3130K [0x00000000e0980000, 0x00000000e4180000, 0x0000000100000000)
  eden space 24576K, 0% used [0x00000000e0980000,0x00000000e0980000,0x00000000e2180000)
  from space 4096K, 76% used [0x00000000e2580000,0x00000000e288e8f8,0x00000000e2980000)
  to   space 4096K, 0% used [0x00000000e2180000,0x00000000e2180000,0x00000000e2580000)
 ParOldGen       total 65536K, used 24K [0x00000000a1c00000, 0x00000000a5c00000, 0x00000000e0980000)
  object space 65536K, 0% used [0x00000000a1c00000,0x00000000a1c06000,0x00000000a5c00000)
 Metaspace       used 5267K, capacity 5350K, committed 5504K, reserved 1056768K
  class space    used 580K, capacity 593K, committed 640K, reserved 1048576K
}
Event: 0.368 GC heap before
{Heap before GC invocations=3 (full 0):
 PSYoungGen      total 28672K, used 27652K [0x00000000e0980000, 0x00000000e4180000, 0x0000000100000000)
  eden space 24576K, 99% used [0x00000000e0980000,0x00000000e2172af8,0x00000000e2180000)
  from space 4096K, 76% used [0x00000000e2580000,0x00000000e288e8f8,0x00000000e2980000)
  to   space 4096K, 0% used [0x00000000e2180000,0x00000000e2180000,0x00000000e2580000)
 ParOldGen       total 65536K, used 24K [0x00000000a1c00000, 0x00000000a5c00000, 0x00000000e0980000)
  object space 65536K, 0% used [0x00000000a1c00000,0x00000000a1c06000,0x00000000a5c00000)
 Metaspace       used 5267K, capacity 5350K, committed 5504K, reserved 1056768K
  class space    used 580K, capacity 593K, committed 640K, reserved 1048576K
Event: 0.370 GC heap after
Heap after GC invocations=3 (full 0):
 PSYoungGen      total 28672K, used 3123K [0x00000000e0980000, 0x00000000e4180000, 0x0000000100000000)
  eden space 24576K, 0% used [0x00000000e0980000,0x00000000e0980000,0x00000000e2180000)
  from space 4096K, 76% used [0x00000000e2180000,0x00000000e248cc40,0x00000000e2580000)
  to   space 4096K, 0% used [0x00000000e3d80000,0x00000000e3d80000,0x00000000e4180000)
 ParOldGen       total 65536K, used 32K [0x00000000a1c00000, 0x00000000a5c00000, 0x00000000e0980000)
  object space 65536K, 0% used [0x00000000a1c00000,0x00000000a1c08000,0x00000000a5c00000)
 Metaspace       used 5267K, capacity 5350K, committed 5504K, reserved 1056768K
  class space    used 580K, capacity 593K, committed 640K, reserved 1048576K
}
Event: 0.376 GC heap before
{Heap before GC invocations=4 (full 0):
 PSYoungGen      total 28672K, used 27649K [0x00000000e0980000, 0x00000000e4180000, 0x0000000100000000)
  eden space 24576K, 99% used [0x00000000e0980000,0x00000000e2173ac0,0x00000000e2180000)
  from space 4096K, 76% used [0x00000000e2180000,0x00000000e248cc40,0x00000000e2580000)
  to   space 4096K, 0% used [0x00000000e3d80000,0x00000000e3d80000,0x00000000e4180000)
 ParOldGen       total 65536K, used 32K [0x00000000a1c00000, 0x00000000a5c00000, 0x00000000e0980000)
  object space 65536K, 0% used [0x00000000a1c00000,0x00000000a1c08000,0x00000000a5c00000)
 Metaspace       used 5267K, capacity 5350K, committed 5504K, reserved 1056768K
  class space    used 580K, capacity 593K, committed 640K, reserved 1048576K
Event: 0.378 GC heap after
Heap after GC invocations=4 (full 0):
 PSYoungGen      total 53248K, used 3125K [0x00000000e0980000, 0x00000000e4180000, 0x0000000100000000)
  eden space 49152K, 0% used [0x00000000e0980000,0x00000000e0980000,0x00000000e3980000)
  from space 4096K, 76% used [0x00000000e3d80000,0x00000000e408d758,0x00000000e4180000)
  to   space 4096K, 0% used [0x00000000e3980000,0x00000000e3980000,0x00000000e3d80000)
 ParOldGen       total 65536K, used 40K [0x00000000a1c00000, 0x00000000a5c00000, 0x00000000e0980000)
  object space 65536K, 0% used [0x00000000a1c00000,0x00000000a1c0a000,0x00000000a5c00000)
 Metaspace       used 5267K, capacity 5350K, committed 5504K, reserved 1056768K
  class space    used 580K, capacity 593K, committed 640K, reserved 1048576K
}
Event: 1.236 GC heap before
{Heap before GC invocations=5 (full 0):
 PSYoungGen      total 53248K, used 52277K [0x00000000e0980000, 0x00000000e4180000, 0x0000000100000000)
  eden space 49152K, 100% used [0x00000000e0980000,0x00000000e3980000,0x00000000e3980000)
  from space 4096K, 76% used [0x00000000e3d80000,0x00000000e408d758,0x00000000e4180000)
  to   space 4096K, 0% used [0x00000000e3980000,0x00000000e3980000,0x00000000e3d80000)
 ParOldGen       total 65536K, used 40K [0x00000000a1c00000, 0x00000000a5c00000, 0x00000000e0980000)
  object space 65536K, 0% used [0x00000000a1c00000,0x00000000a1c0a000,0x00000000a5c00000)
 Metaspace       used 12531K, capacity 12676K, committed 12928K, reserved 1060864K
  class space    used 1542K, capacity 1604K, committed 1664K, reserved 1048576K
Event: 1.243 GC heap after
Heap after GC invocations=5 (full 0):
 PSYoungGen      total 53248K, used 4085K [0x00000000e0980000, 0x00000000e7980000, 0x0000000100000000)
  eden space 49152K, 0% used [0x00000000e0980000,0x00000000e0980000,0x00000000e3980000)
  from space 4096K, 99% used [0x00000000e3980000,0x00000000e3d7d630,0x00000000e3d80000)
  to   space 8192K, 0% used [0x00000000e7180000,0x00000000e7180000,0x00000000e7980000)
 ParOldGen       total 65536K, used 4816K [0x00000000a1c00000, 0x00000000a5c00000, 0x00000000e0980000)
  object space 65536K, 7% used [0x00000000a1c00000,0x00000000a20b4180,0x00000000a5c00000)
 Metaspace       used 12531K, capacity 12676K, committed 12928K, reserved 1060864K
  class space    used 1542K, capacity 1604K, committed 1664K, reserved 1048576K
}
Event: 1.792 GC heap before
{Heap before GC invocations=6 (full 0):
 PSYoungGen      total 53248K, used 53237K [0x00000000e0980000, 0x00000000e7980000, 0x0000000100000000)
  eden space 49152K, 100% used [0x00000000e0980000,0x00000000e3980000,0x00000000e3980000)
  from space 4096K, 99% used [0x00000000e3980000,0x00000000e3d7d630,0x00000000e3d80000)
  to   space 8192K, 0% used [0x00000000e7180000,0x00000000e7180000,0x00000000e7980000)
 ParOldGen       total 65536K, used 4816K [0x00000000a1c00000, 0x00000000a5c00000, 0x00000000e0980000)
  object space 65536K, 7% used [0x00000000a1c00000,0x00000000a20b4180,0x00000000a5c00000)
 Metaspace       used 18251K, capacity 18644K, committed 18816K, reserved 1064960K
  class space    used 2264K, capacity 2364K, committed 2432K, reserved 1048576K
Event: 1.797 GC heap after
Heap after GC invocations=6 (full 0):
 PSYoungGen      total 57344K, used 7679K [0x00000000e0980000, 0x00000000e7980000, 0x0000000100000000)
  eden space 49152K, 0% used [0x00000000e0980000,0x00000000e0980000,0x00000000e3980000)
  from space 8192K, 93% used [0x00000000e7180000,0x00000000e78fff20,0x00000000e7980000)
  to   space 4096K, 0% used [0x00000000e3980000,0x00000000e3980000,0x00000000e3d80000)
 ParOldGen       total 65536K, used 4824K [0x00000000a1c00000, 0x00000000a5c00000, 0x00000000e0980000)
  object space 65536K, 7% used [0x00000000a1c00000,0x00000000a20b6180,0x00000000a5c00000)
 Metaspace       used 18251K, capacity 18644K, committed 18816K, reserved 1064960K
  class space    used 2264K, capacity 2364K, committed 2432K, reserved 1048576K
}

